==15984== Memcheck, a memory error detector
==15984== Copyright (C) 2002-2022, and GNU GPL'd, by Julian Seward et al.
==15984== Using Valgrind-3.19.0 and LibVEX; rerun with -h for copyright info
==15984== Command: ./ft_traceroute youtube.com
==15984== Parent PID: 15983
==15984== 
==15984== Conditional jump or move depends on uninitialised value(s)
==15984==    at 0x10A2BF: checksum (in /home/rossideb/network/traceroad/ft_traceroute)
==15984==    by 0x10A3B3: construct_icmp_header (in /home/rossideb/network/traceroad/ft_traceroute)
==15984==    by 0x10A3E1: construct_packet (in /home/rossideb/network/traceroad/ft_traceroute)
==15984==    by 0x10A489: construct_packets (in /home/rossideb/network/traceroad/ft_traceroute)
==15984==    by 0x10963D: main (in /home/rossideb/network/traceroad/ft_traceroute)
==15984== 
==15984== Syscall param socketcall.sendto(msg) points to uninitialised byte(s)
==15984==    at 0x496E9D3: sendto (sendto.c:27)
==15984==    by 0x10A544: send_packet (in /home/rossideb/network/traceroad/ft_traceroute)
==15984==    by 0x1095BD: send_recieve (in /home/rossideb/network/traceroad/ft_traceroute)
==15984==    by 0x109647: main (in /home/rossideb/network/traceroad/ft_traceroute)
==15984==  Address 0x4a56ae6 is 22 bytes inside a block of size 60 alloc'd
==15984==    at 0x48407B4: malloc (vg_replace_malloc.c:381)
==15984==    by 0x10A3F1: construct_packet (in /home/rossideb/network/traceroad/ft_traceroute)
==15984==    by 0x10A489: construct_packets (in /home/rossideb/network/traceroad/ft_traceroute)
==15984==    by 0x10963D: main (in /home/rossideb/network/traceroad/ft_traceroute)
==15984== 
==15984== Use of uninitialised value of size 8
==15984==    at 0x48B5952: _itoa_word (_itoa.c:178)
==15984==    by 0x48C0D68: __vfprintf_internal (vfprintf-process-arg.c:164)
==15984==    by 0x48E2444: __vdprintf_internal (iovdprintf.c:54)
==15984==    by 0x48B5C85: dprintf (dprintf.c:30)
==15984==    by 0x109754: print_packet (in /home/rossideb/network/traceroad/ft_traceroute)
==15984==    by 0x109494: free_sendpackets_data (in /home/rossideb/network/traceroad/ft_traceroute)
==15984==    by 0x10988E: print_interrupt (in /home/rossideb/network/traceroad/ft_traceroute)
==15984==    by 0x489FFCF: ??? (in /usr/lib/x86_64-linux-gnu/libc.so.6)
==15984==    by 0x10AA12: ft_memset (in /home/rossideb/network/traceroad/ft_traceroute)
==15984==    by 0x10A059: recieve_packet (in /home/rossideb/network/traceroad/ft_traceroute)
==15984==    by 0x1095C7: send_recieve (in /home/rossideb/network/traceroad/ft_traceroute)
==15984==    by 0x109647: main (in /home/rossideb/network/traceroad/ft_traceroute)
==15984== 
==15984== Conditional jump or move depends on uninitialised value(s)
==15984==    at 0x48B5964: _itoa_word (_itoa.c:178)
==15984==    by 0x48C0D68: __vfprintf_internal (vfprintf-process-arg.c:164)
==15984==    by 0x48E2444: __vdprintf_internal (iovdprintf.c:54)
==15984==    by 0x48B5C85: dprintf (dprintf.c:30)
==15984==    by 0x109754: print_packet (in /home/rossideb/network/traceroad/ft_traceroute)
==15984==    by 0x109494: free_sendpackets_data (in /home/rossideb/network/traceroad/ft_traceroute)
==15984==    by 0x10988E: print_interrupt (in /home/rossideb/network/traceroad/ft_traceroute)
==15984==    by 0x489FFCF: ??? (in /usr/lib/x86_64-linux-gnu/libc.so.6)
==15984==    by 0x10AA12: ft_memset (in /home/rossideb/network/traceroad/ft_traceroute)
==15984==    by 0x10A059: recieve_packet (in /home/rossideb/network/traceroad/ft_traceroute)
==15984==    by 0x1095C7: send_recieve (in /home/rossideb/network/traceroad/ft_traceroute)
==15984==    by 0x109647: main (in /home/rossideb/network/traceroad/ft_traceroute)
==15984== 
==15984== Conditional jump or move depends on uninitialised value(s)
==15984==    at 0x48C1606: __vfprintf_internal (vfprintf-process-arg.c:174)
==15984==    by 0x48E2444: __vdprintf_internal (iovdprintf.c:54)
==15984==    by 0x48B5C85: dprintf (dprintf.c:30)
==15984==    by 0x109754: print_packet (in /home/rossideb/network/traceroad/ft_traceroute)
==15984==    by 0x109494: free_sendpackets_data (in /home/rossideb/network/traceroad/ft_traceroute)
==15984==    by 0x10988E: print_interrupt (in /home/rossideb/network/traceroad/ft_traceroute)
==15984==    by 0x489FFCF: ??? (in /usr/lib/x86_64-linux-gnu/libc.so.6)
==15984==    by 0x10AA12: ft_memset (in /home/rossideb/network/traceroad/ft_traceroute)
==15984==    by 0x10A059: recieve_packet (in /home/rossideb/network/traceroad/ft_traceroute)
==15984==    by 0x1095C7: send_recieve (in /home/rossideb/network/traceroad/ft_traceroute)
==15984==    by 0x109647: main (in /home/rossideb/network/traceroad/ft_traceroute)
==15984== 
==15984== 
==15984== HEAP SUMMARY:
==15984==     in use at exit: 3,514 bytes in 14 blocks
==15984==   total heap usage: 809 allocs, 795 frees, 381,924 bytes allocated
==15984== 
==15984== 180 bytes in 3 blocks are definitely lost in loss record 6 of 8
==15984==    at 0x48407B4: malloc (vg_replace_malloc.c:381)
==15984==    by 0x10A3F1: construct_packet (in /home/rossideb/network/traceroad/ft_traceroute)
==15984==    by 0x10A489: construct_packets (in /home/rossideb/network/traceroad/ft_traceroute)
==15984==    by 0x10963D: main (in /home/rossideb/network/traceroad/ft_traceroute)
==15984== 
==15984== LEAK SUMMARY:
==15984==    definitely lost: 180 bytes in 3 blocks
==15984==    indirectly lost: 0 bytes in 0 blocks
==15984==      possibly lost: 0 bytes in 0 blocks
==15984==    still reachable: 3,334 bytes in 11 blocks
==15984==         suppressed: 0 bytes in 0 blocks
==15984== Reachable blocks (those to which a pointer was found) are not shown.
==15984== To see them, rerun with: --leak-check=full --show-leak-kinds=all
==15984== 
==15984== Use --track-origins=yes to see where uninitialised values come from
==15984== For lists of detected and suppressed errors, rerun with: -s
==15984== ERROR SUMMARY: 356 errors from 6 contexts (suppressed: 0 from 0)
